Created by PLY version 3.11 (http://www.dabeaz.com/ply)

Grammar

Rule 0     S' -> start
Rule 1     start -> bloc
Rule 2     bloc -> bloc statement SEMICOLON
Rule 3     bloc -> statement SEMICOLON
Rule 4     bloc -> bloc SIMPLE_COMMENT
Rule 5     bloc -> SIMPLE_COMMENT
Rule 6     bloc -> bloc MULTI_COMMENT
Rule 7     bloc -> MULTI_COMMENT
Rule 8     statement -> PRINT LPAREN expression RPAREN
Rule 9     statement -> PRINT LPAREN STRING RPAREN
Rule 10    statement -> TOAMSCAN LPAREN NAME RPAREN
Rule 11    statement -> NAME EQUALS SCAN LPAREN RPAREN
Rule 12    statement -> NAME EQUALS expression
Rule 13    expression -> expression MINUS expression
Rule 14    expression -> expression DIVIDE expression
Rule 15    expression -> expression PLUS expression
Rule 16    expression -> expression TIMES expression
Rule 17    expression -> LPAREN expression RPAREN
Rule 18    expression -> NUMBER
Rule 19    expression -> NAME
Rule 20    expression -> STRING
Rule 21    expression -> expression AND expression
Rule 22    expression -> expression OR expression
Rule 23    expression -> expression GREATER expression
Rule 24    expression -> expression LESS expression
Rule 25    statement -> NAME INCREMENT
Rule 26    statement -> NAME DECREMENT
Rule 27    statement -> NAME INCREASE expression
Rule 28    statement -> NAME DECREASE expression

Terminals, with rules where they appear

AND                  : 21
DECREASE             : 28
DECREMENT            : 26
DIVIDE               : 14
EQUALS               : 11 12
GREATER              : 23
INCREASE             : 27
INCREMENT            : 25
LESS                 : 24
LPAREN               : 8 9 10 11 17
MINUS                : 13
MULTI_COMMENT        : 6 7
NAME                 : 10 11 12 19 25 26 27 28
NUMBER               : 18
OR                   : 22
PLUS                 : 15
PRINT                : 8 9
RPAREN               : 8 9 10 11 17
SCAN                 : 11
SEMICOLON            : 2 3
SIMPLE_COMMENT       : 4 5
STRING               : 9 20
TIMES                : 16
TOAMSCAN             : 10
error                : 

Nonterminals, with rules where they appear

bloc                 : 1 2 4 6
expression           : 8 12 13 13 14 14 15 15 16 16 17 21 21 22 22 23 23 24 24 27 28
start                : 0
statement            : 2 3

Parsing method: LALR

state 0

    (0) S' -> . start
    (1) start -> . bloc
    (2) bloc -> . bloc statement SEMICOLON
    (3) bloc -> . statement SEMICOLON
    (4) bloc -> . bloc SIMPLE_COMMENT
    (5) bloc -> . SIMPLE_COMMENT
    (6) bloc -> . bloc MULTI_COMMENT
    (7) bloc -> . MULTI_COMMENT
    (8) statement -> . PRINT LPAREN expression RPAREN
    (9) statement -> . PRINT LPAREN STRING RPAREN
    (10) statement -> . TOAMSCAN LPAREN NAME RPAREN
    (11) statement -> . NAME EQUALS SCAN LPAREN RPAREN
    (12) statement -> . NAME EQUALS expression
    (25) statement -> . NAME INCREMENT
    (26) statement -> . NAME DECREMENT
    (27) statement -> . NAME INCREASE expression
    (28) statement -> . NAME DECREASE expression

    SIMPLE_COMMENT  shift and go to state 4
    MULTI_COMMENT   shift and go to state 5
    PRINT           shift and go to state 6
    TOAMSCAN        shift and go to state 7
    NAME            shift and go to state 8

    start                          shift and go to state 1
    bloc                           shift and go to state 2
    statement                      shift and go to state 3

state 1

    (0) S' -> start .



state 2

    (1) start -> bloc .
    (2) bloc -> bloc . statement SEMICOLON
    (4) bloc -> bloc . SIMPLE_COMMENT
    (6) bloc -> bloc . MULTI_COMMENT
    (8) statement -> . PRINT LPAREN expression RPAREN
    (9) statement -> . PRINT LPAREN STRING RPAREN
    (10) statement -> . TOAMSCAN LPAREN NAME RPAREN
    (11) statement -> . NAME EQUALS SCAN LPAREN RPAREN
    (12) statement -> . NAME EQUALS expression
    (25) statement -> . NAME INCREMENT
    (26) statement -> . NAME DECREMENT
    (27) statement -> . NAME INCREASE expression
    (28) statement -> . NAME DECREASE expression

    $end            reduce using rule 1 (start -> bloc .)
    SIMPLE_COMMENT  shift and go to state 10
    MULTI_COMMENT   shift and go to state 11
    PRINT           shift and go to state 6
    TOAMSCAN        shift and go to state 7
    NAME            shift and go to state 8

    statement                      shift and go to state 9

state 3

    (3) bloc -> statement . SEMICOLON

    SEMICOLON       shift and go to state 12


state 4

    (5) bloc -> SIMPLE_COMMENT .

    SIMPLE_COMMENT  reduce using rule 5 (bloc -> SIMPLE_COMMENT .)
    MULTI_COMMENT   reduce using rule 5 (bloc -> SIMPLE_COMMENT .)
    PRINT           reduce using rule 5 (bloc -> SIMPLE_COMMENT .)
    TOAMSCAN        reduce using rule 5 (bloc -> SIMPLE_COMMENT .)
    NAME            reduce using rule 5 (bloc -> SIMPLE_COMMENT .)
    $end            reduce using rule 5 (bloc -> SIMPLE_COMMENT .)


state 5

    (7) bloc -> MULTI_COMMENT .

    SIMPLE_COMMENT  reduce using rule 7 (bloc -> MULTI_COMMENT .)
    MULTI_COMMENT   reduce using rule 7 (bloc -> MULTI_COMMENT .)
    PRINT           reduce using rule 7 (bloc -> MULTI_COMMENT .)
    TOAMSCAN        reduce using rule 7 (bloc -> MULTI_COMMENT .)
    NAME            reduce using rule 7 (bloc -> MULTI_COMMENT .)
    $end            reduce using rule 7 (bloc -> MULTI_COMMENT .)


state 6

    (8) statement -> PRINT . LPAREN expression RPAREN
    (9) statement -> PRINT . LPAREN STRING RPAREN

    LPAREN          shift and go to state 13


state 7

    (10) statement -> TOAMSCAN . LPAREN NAME RPAREN

    LPAREN          shift and go to state 14


state 8

    (11) statement -> NAME . EQUALS SCAN LPAREN RPAREN
    (12) statement -> NAME . EQUALS expression
    (25) statement -> NAME . INCREMENT
    (26) statement -> NAME . DECREMENT
    (27) statement -> NAME . INCREASE expression
    (28) statement -> NAME . DECREASE expression

    EQUALS          shift and go to state 15
    INCREMENT       shift and go to state 16
    DECREMENT       shift and go to state 17
    INCREASE        shift and go to state 18
    DECREASE        shift and go to state 19


state 9

    (2) bloc -> bloc statement . SEMICOLON

    SEMICOLON       shift and go to state 20


state 10

    (4) bloc -> bloc SIMPLE_COMMENT .

    SIMPLE_COMMENT  reduce using rule 4 (bloc -> bloc SIMPLE_COMMENT .)
    MULTI_COMMENT   reduce using rule 4 (bloc -> bloc SIMPLE_COMMENT .)
    PRINT           reduce using rule 4 (bloc -> bloc SIMPLE_COMMENT .)
    TOAMSCAN        reduce using rule 4 (bloc -> bloc SIMPLE_COMMENT .)
    NAME            reduce using rule 4 (bloc -> bloc SIMPLE_COMMENT .)
    $end            reduce using rule 4 (bloc -> bloc SIMPLE_COMMENT .)


state 11

    (6) bloc -> bloc MULTI_COMMENT .

    SIMPLE_COMMENT  reduce using rule 6 (bloc -> bloc MULTI_COMMENT .)
    MULTI_COMMENT   reduce using rule 6 (bloc -> bloc MULTI_COMMENT .)
    PRINT           reduce using rule 6 (bloc -> bloc MULTI_COMMENT .)
    TOAMSCAN        reduce using rule 6 (bloc -> bloc MULTI_COMMENT .)
    NAME            reduce using rule 6 (bloc -> bloc MULTI_COMMENT .)
    $end            reduce using rule 6 (bloc -> bloc MULTI_COMMENT .)


state 12

    (3) bloc -> statement SEMICOLON .

    SIMPLE_COMMENT  reduce using rule 3 (bloc -> statement SEMICOLON .)
    MULTI_COMMENT   reduce using rule 3 (bloc -> statement SEMICOLON .)
    PRINT           reduce using rule 3 (bloc -> statement SEMICOLON .)
    TOAMSCAN        reduce using rule 3 (bloc -> statement SEMICOLON .)
    NAME            reduce using rule 3 (bloc -> statement SEMICOLON .)
    $end            reduce using rule 3 (bloc -> statement SEMICOLON .)


state 13

    (8) statement -> PRINT LPAREN . expression RPAREN
    (9) statement -> PRINT LPAREN . STRING RPAREN
    (13) expression -> . expression MINUS expression
    (14) expression -> . expression DIVIDE expression
    (15) expression -> . expression PLUS expression
    (16) expression -> . expression TIMES expression
    (17) expression -> . LPAREN expression RPAREN
    (18) expression -> . NUMBER
    (19) expression -> . NAME
    (20) expression -> . STRING
    (21) expression -> . expression AND expression
    (22) expression -> . expression OR expression
    (23) expression -> . expression GREATER expression
    (24) expression -> . expression LESS expression

    STRING          shift and go to state 23
    LPAREN          shift and go to state 21
    NUMBER          shift and go to state 24
    NAME            shift and go to state 25

    expression                     shift and go to state 22

state 14

    (10) statement -> TOAMSCAN LPAREN . NAME RPAREN

    NAME            shift and go to state 26


state 15

    (11) statement -> NAME EQUALS . SCAN LPAREN RPAREN
    (12) statement -> NAME EQUALS . expression
    (13) expression -> . expression MINUS expression
    (14) expression -> . expression DIVIDE expression
    (15) expression -> . expression PLUS expression
    (16) expression -> . expression TIMES expression
    (17) expression -> . LPAREN expression RPAREN
    (18) expression -> . NUMBER
    (19) expression -> . NAME
    (20) expression -> . STRING
    (21) expression -> . expression AND expression
    (22) expression -> . expression OR expression
    (23) expression -> . expression GREATER expression
    (24) expression -> . expression LESS expression

    SCAN            shift and go to state 27
    LPAREN          shift and go to state 21
    NUMBER          shift and go to state 24
    NAME            shift and go to state 25
    STRING          shift and go to state 29

    expression                     shift and go to state 28

state 16

    (25) statement -> NAME INCREMENT .

    SEMICOLON       reduce using rule 25 (statement -> NAME INCREMENT .)


state 17

    (26) statement -> NAME DECREMENT .

    SEMICOLON       reduce using rule 26 (statement -> NAME DECREMENT .)


state 18

    (27) statement -> NAME INCREASE . expression
    (13) expression -> . expression MINUS expression
    (14) expression -> . expression DIVIDE expression
    (15) expression -> . expression PLUS expression
    (16) expression -> . expression TIMES expression
    (17) expression -> . LPAREN expression RPAREN
    (18) expression -> . NUMBER
    (19) expression -> . NAME
    (20) expression -> . STRING
    (21) expression -> . expression AND expression
    (22) expression -> . expression OR expression
    (23) expression -> . expression GREATER expression
    (24) expression -> . expression LESS expression

    LPAREN          shift and go to state 21
    NUMBER          shift and go to state 24
    NAME            shift and go to state 25
    STRING          shift and go to state 29

    expression                     shift and go to state 30

state 19

    (28) statement -> NAME DECREASE . expression
    (13) expression -> . expression MINUS expression
    (14) expression -> . expression DIVIDE expression
    (15) expression -> . expression PLUS expression
    (16) expression -> . expression TIMES expression
    (17) expression -> . LPAREN expression RPAREN
    (18) expression -> . NUMBER
    (19) expression -> . NAME
    (20) expression -> . STRING
    (21) expression -> . expression AND expression
    (22) expression -> . expression OR expression
    (23) expression -> . expression GREATER expression
    (24) expression -> . expression LESS expression

    LPAREN          shift and go to state 21
    NUMBER          shift and go to state 24
    NAME            shift and go to state 25
    STRING          shift and go to state 29

    expression                     shift and go to state 31

state 20

    (2) bloc -> bloc statement SEMICOLON .

    SIMPLE_COMMENT  reduce using rule 2 (bloc -> bloc statement SEMICOLON .)
    MULTI_COMMENT   reduce using rule 2 (bloc -> bloc statement SEMICOLON .)
    PRINT           reduce using rule 2 (bloc -> bloc statement SEMICOLON .)
    TOAMSCAN        reduce using rule 2 (bloc -> bloc statement SEMICOLON .)
    NAME            reduce using rule 2 (bloc -> bloc statement SEMICOLON .)
    $end            reduce using rule 2 (bloc -> bloc statement SEMICOLON .)


state 21

    (17) expression -> LPAREN . expression RPAREN
    (13) expression -> . expression MINUS expression
    (14) expression -> . expression DIVIDE expression
    (15) expression -> . expression PLUS expression
    (16) expression -> . expression TIMES expression
    (17) expression -> . LPAREN expression RPAREN
    (18) expression -> . NUMBER
    (19) expression -> . NAME
    (20) expression -> . STRING
    (21) expression -> . expression AND expression
    (22) expression -> . expression OR expression
    (23) expression -> . expression GREATER expression
    (24) expression -> . expression LESS expression

    LPAREN          shift and go to state 21
    NUMBER          shift and go to state 24
    NAME            shift and go to state 25
    STRING          shift and go to state 29

    expression                     shift and go to state 32

state 22

    (8) statement -> PRINT LPAREN expression . RPAREN
    (13) expression -> expression . MINUS expression
    (14) expression -> expression . DIVIDE expression
    (15) expression -> expression . PLUS expression
    (16) expression -> expression . TIMES expression
    (21) expression -> expression . AND expression
    (22) expression -> expression . OR expression
    (23) expression -> expression . GREATER expression
    (24) expression -> expression . LESS expression

    RPAREN          shift and go to state 33
    MINUS           shift and go to state 34
    DIVIDE          shift and go to state 35
    PLUS            shift and go to state 36
    TIMES           shift and go to state 37
    AND             shift and go to state 38
    OR              shift and go to state 39
    GREATER         shift and go to state 40
    LESS            shift and go to state 41


state 23

    (9) statement -> PRINT LPAREN STRING . RPAREN
    (20) expression -> STRING .

  ! shift/reduce conflict for RPAREN resolved as shift
    RPAREN          shift and go to state 42
    MINUS           reduce using rule 20 (expression -> STRING .)
    DIVIDE          reduce using rule 20 (expression -> STRING .)
    PLUS            reduce using rule 20 (expression -> STRING .)
    TIMES           reduce using rule 20 (expression -> STRING .)
    AND             reduce using rule 20 (expression -> STRING .)
    OR              reduce using rule 20 (expression -> STRING .)
    GREATER         reduce using rule 20 (expression -> STRING .)
    LESS            reduce using rule 20 (expression -> STRING .)

  ! RPAREN          [ reduce using rule 20 (expression -> STRING .) ]


state 24

    (18) expression -> NUMBER .

    RPAREN          reduce using rule 18 (expression -> NUMBER .)
    MINUS           reduce using rule 18 (expression -> NUMBER .)
    DIVIDE          reduce using rule 18 (expression -> NUMBER .)
    PLUS            reduce using rule 18 (expression -> NUMBER .)
    TIMES           reduce using rule 18 (expression -> NUMBER .)
    AND             reduce using rule 18 (expression -> NUMBER .)
    OR              reduce using rule 18 (expression -> NUMBER .)
    GREATER         reduce using rule 18 (expression -> NUMBER .)
    LESS            reduce using rule 18 (expression -> NUMBER .)
    SEMICOLON       reduce using rule 18 (expression -> NUMBER .)


state 25

    (19) expression -> NAME .

    RPAREN          reduce using rule 19 (expression -> NAME .)
    MINUS           reduce using rule 19 (expression -> NAME .)
    DIVIDE          reduce using rule 19 (expression -> NAME .)
    PLUS            reduce using rule 19 (expression -> NAME .)
    TIMES           reduce using rule 19 (expression -> NAME .)
    AND             reduce using rule 19 (expression -> NAME .)
    OR              reduce using rule 19 (expression -> NAME .)
    GREATER         reduce using rule 19 (expression -> NAME .)
    LESS            reduce using rule 19 (expression -> NAME .)
    SEMICOLON       reduce using rule 19 (expression -> NAME .)


state 26

    (10) statement -> TOAMSCAN LPAREN NAME . RPAREN

    RPAREN          shift and go to state 43


state 27

    (11) statement -> NAME EQUALS SCAN . LPAREN RPAREN

    LPAREN          shift and go to state 44


state 28

    (12) statement -> NAME EQUALS expression .
    (13) expression -> expression . MINUS expression
    (14) expression -> expression . DIVIDE expression
    (15) expression -> expression . PLUS expression
    (16) expression -> expression . TIMES expression
    (21) expression -> expression . AND expression
    (22) expression -> expression . OR expression
    (23) expression -> expression . GREATER expression
    (24) expression -> expression . LESS expression

    SEMICOLON       reduce using rule 12 (statement -> NAME EQUALS expression .)
    MINUS           shift and go to state 34
    DIVIDE          shift and go to state 35
    PLUS            shift and go to state 36
    TIMES           shift and go to state 37
    AND             shift and go to state 38
    OR              shift and go to state 39
    GREATER         shift and go to state 40
    LESS            shift and go to state 41


state 29

    (20) expression -> STRING .

    MINUS           reduce using rule 20 (expression -> STRING .)
    DIVIDE          reduce using rule 20 (expression -> STRING .)
    PLUS            reduce using rule 20 (expression -> STRING .)
    TIMES           reduce using rule 20 (expression -> STRING .)
    AND             reduce using rule 20 (expression -> STRING .)
    OR              reduce using rule 20 (expression -> STRING .)
    GREATER         reduce using rule 20 (expression -> STRING .)
    LESS            reduce using rule 20 (expression -> STRING .)
    SEMICOLON       reduce using rule 20 (expression -> STRING .)
    RPAREN          reduce using rule 20 (expression -> STRING .)


state 30

    (27) statement -> NAME INCREASE expression .
    (13) expression -> expression . MINUS expression
    (14) expression -> expression . DIVIDE expression
    (15) expression -> expression . PLUS expression
    (16) expression -> expression . TIMES expression
    (21) expression -> expression . AND expression
    (22) expression -> expression . OR expression
    (23) expression -> expression . GREATER expression
    (24) expression -> expression . LESS expression

    SEMICOLON       reduce using rule 27 (statement -> NAME INCREASE expression .)
    MINUS           shift and go to state 34
    DIVIDE          shift and go to state 35
    PLUS            shift and go to state 36
    TIMES           shift and go to state 37
    AND             shift and go to state 38
    OR              shift and go to state 39
    GREATER         shift and go to state 40
    LESS            shift and go to state 41


state 31

    (28) statement -> NAME DECREASE expression .
    (13) expression -> expression . MINUS expression
    (14) expression -> expression . DIVIDE expression
    (15) expression -> expression . PLUS expression
    (16) expression -> expression . TIMES expression
    (21) expression -> expression . AND expression
    (22) expression -> expression . OR expression
    (23) expression -> expression . GREATER expression
    (24) expression -> expression . LESS expression

    SEMICOLON       reduce using rule 28 (statement -> NAME DECREASE expression .)
    MINUS           shift and go to state 34
    DIVIDE          shift and go to state 35
    PLUS            shift and go to state 36
    TIMES           shift and go to state 37
    AND             shift and go to state 38
    OR              shift and go to state 39
    GREATER         shift and go to state 40
    LESS            shift and go to state 41


state 32

    (17) expression -> LPAREN expression . RPAREN
    (13) expression -> expression . MINUS expression
    (14) expression -> expression . DIVIDE expression
    (15) expression -> expression . PLUS expression
    (16) expression -> expression . TIMES expression
    (21) expression -> expression . AND expression
    (22) expression -> expression . OR expression
    (23) expression -> expression . GREATER expression
    (24) expression -> expression . LESS expression

    RPAREN          shift and go to state 45
    MINUS           shift and go to state 34
    DIVIDE          shift and go to state 35
    PLUS            shift and go to state 36
    TIMES           shift and go to state 37
    AND             shift and go to state 38
    OR              shift and go to state 39
    GREATER         shift and go to state 40
    LESS            shift and go to state 41


state 33

    (8) statement -> PRINT LPAREN expression RPAREN .

    SEMICOLON       reduce using rule 8 (statement -> PRINT LPAREN expression RPAREN .)


state 34

    (13) expression -> expression MINUS . expression
    (13) expression -> . expression MINUS expression
    (14) expression -> . expression DIVIDE expression
    (15) expression -> . expression PLUS expression
    (16) expression -> . expression TIMES expression
    (17) expression -> . LPAREN expression RPAREN
    (18) expression -> . NUMBER
    (19) expression -> . NAME
    (20) expression -> . STRING
    (21) expression -> . expression AND expression
    (22) expression -> . expression OR expression
    (23) expression -> . expression GREATER expression
    (24) expression -> . expression LESS expression

    LPAREN          shift and go to state 21
    NUMBER          shift and go to state 24
    NAME            shift and go to state 25
    STRING          shift and go to state 29

    expression                     shift and go to state 46

state 35

    (14) expression -> expression DIVIDE . expression
    (13) expression -> . expression MINUS expression
    (14) expression -> . expression DIVIDE expression
    (15) expression -> . expression PLUS expression
    (16) expression -> . expression TIMES expression
    (17) expression -> . LPAREN expression RPAREN
    (18) expression -> . NUMBER
    (19) expression -> . NAME
    (20) expression -> . STRING
    (21) expression -> . expression AND expression
    (22) expression -> . expression OR expression
    (23) expression -> . expression GREATER expression
    (24) expression -> . expression LESS expression

    LPAREN          shift and go to state 21
    NUMBER          shift and go to state 24
    NAME            shift and go to state 25
    STRING          shift and go to state 29

    expression                     shift and go to state 47

state 36

    (15) expression -> expression PLUS . expression
    (13) expression -> . expression MINUS expression
    (14) expression -> . expression DIVIDE expression
    (15) expression -> . expression PLUS expression
    (16) expression -> . expression TIMES expression
    (17) expression -> . LPAREN expression RPAREN
    (18) expression -> . NUMBER
    (19) expression -> . NAME
    (20) expression -> . STRING
    (21) expression -> . expression AND expression
    (22) expression -> . expression OR expression
    (23) expression -> . expression GREATER expression
    (24) expression -> . expression LESS expression

    LPAREN          shift and go to state 21
    NUMBER          shift and go to state 24
    NAME            shift and go to state 25
    STRING          shift and go to state 29

    expression                     shift and go to state 48

state 37

    (16) expression -> expression TIMES . expression
    (13) expression -> . expression MINUS expression
    (14) expression -> . expression DIVIDE expression
    (15) expression -> . expression PLUS expression
    (16) expression -> . expression TIMES expression
    (17) expression -> . LPAREN expression RPAREN
    (18) expression -> . NUMBER
    (19) expression -> . NAME
    (20) expression -> . STRING
    (21) expression -> . expression AND expression
    (22) expression -> . expression OR expression
    (23) expression -> . expression GREATER expression
    (24) expression -> . expression LESS expression

    LPAREN          shift and go to state 21
    NUMBER          shift and go to state 24
    NAME            shift and go to state 25
    STRING          shift and go to state 29

    expression                     shift and go to state 49

state 38

    (21) expression -> expression AND . expression
    (13) expression -> . expression MINUS expression
    (14) expression -> . expression DIVIDE expression
    (15) expression -> . expression PLUS expression
    (16) expression -> . expression TIMES expression
    (17) expression -> . LPAREN expression RPAREN
    (18) expression -> . NUMBER
    (19) expression -> . NAME
    (20) expression -> . STRING
    (21) expression -> . expression AND expression
    (22) expression -> . expression OR expression
    (23) expression -> . expression GREATER expression
    (24) expression -> . expression LESS expression

    LPAREN          shift and go to state 21
    NUMBER          shift and go to state 24
    NAME            shift and go to state 25
    STRING          shift and go to state 29

    expression                     shift and go to state 50

state 39

    (22) expression -> expression OR . expression
    (13) expression -> . expression MINUS expression
    (14) expression -> . expression DIVIDE expression
    (15) expression -> . expression PLUS expression
    (16) expression -> . expression TIMES expression
    (17) expression -> . LPAREN expression RPAREN
    (18) expression -> . NUMBER
    (19) expression -> . NAME
    (20) expression -> . STRING
    (21) expression -> . expression AND expression
    (22) expression -> . expression OR expression
    (23) expression -> . expression GREATER expression
    (24) expression -> . expression LESS expression

    LPAREN          shift and go to state 21
    NUMBER          shift and go to state 24
    NAME            shift and go to state 25
    STRING          shift and go to state 29

    expression                     shift and go to state 51

state 40

    (23) expression -> expression GREATER . expression
    (13) expression -> . expression MINUS expression
    (14) expression -> . expression DIVIDE expression
    (15) expression -> . expression PLUS expression
    (16) expression -> . expression TIMES expression
    (17) expression -> . LPAREN expression RPAREN
    (18) expression -> . NUMBER
    (19) expression -> . NAME
    (20) expression -> . STRING
    (21) expression -> . expression AND expression
    (22) expression -> . expression OR expression
    (23) expression -> . expression GREATER expression
    (24) expression -> . expression LESS expression

    LPAREN          shift and go to state 21
    NUMBER          shift and go to state 24
    NAME            shift and go to state 25
    STRING          shift and go to state 29

    expression                     shift and go to state 52

state 41

    (24) expression -> expression LESS . expression
    (13) expression -> . expression MINUS expression
    (14) expression -> . expression DIVIDE expression
    (15) expression -> . expression PLUS expression
    (16) expression -> . expression TIMES expression
    (17) expression -> . LPAREN expression RPAREN
    (18) expression -> . NUMBER
    (19) expression -> . NAME
    (20) expression -> . STRING
    (21) expression -> . expression AND expression
    (22) expression -> . expression OR expression
    (23) expression -> . expression GREATER expression
    (24) expression -> . expression LESS expression

    LPAREN          shift and go to state 21
    NUMBER          shift and go to state 24
    NAME            shift and go to state 25
    STRING          shift and go to state 29

    expression                     shift and go to state 53

state 42

    (9) statement -> PRINT LPAREN STRING RPAREN .

    SEMICOLON       reduce using rule 9 (statement -> PRINT LPAREN STRING RPAREN .)


state 43

    (10) statement -> TOAMSCAN LPAREN NAME RPAREN .

    SEMICOLON       reduce using rule 10 (statement -> TOAMSCAN LPAREN NAME RPAREN .)


state 44

    (11) statement -> NAME EQUALS SCAN LPAREN . RPAREN

    RPAREN          shift and go to state 54


state 45

    (17) expression -> LPAREN expression RPAREN .

    RPAREN          reduce using rule 17 (expression -> LPAREN expression RPAREN .)
    MINUS           reduce using rule 17 (expression -> LPAREN expression RPAREN .)
    DIVIDE          reduce using rule 17 (expression -> LPAREN expression RPAREN .)
    PLUS            reduce using rule 17 (expression -> LPAREN expression RPAREN .)
    TIMES           reduce using rule 17 (expression -> LPAREN expression RPAREN .)
    AND             reduce using rule 17 (expression -> LPAREN expression RPAREN .)
    OR              reduce using rule 17 (expression -> LPAREN expression RPAREN .)
    GREATER         reduce using rule 17 (expression -> LPAREN expression RPAREN .)
    LESS            reduce using rule 17 (expression -> LPAREN expression RPAREN .)
    SEMICOLON       reduce using rule 17 (expression -> LPAREN expression RPAREN .)


state 46

    (13) expression -> expression MINUS expression .
    (13) expression -> expression . MINUS expression
    (14) expression -> expression . DIVIDE expression
    (15) expression -> expression . PLUS expression
    (16) expression -> expression . TIMES expression
    (21) expression -> expression . AND expression
    (22) expression -> expression . OR expression
    (23) expression -> expression . GREATER expression
    (24) expression -> expression . LESS expression

    RPAREN          reduce using rule 13 (expression -> expression MINUS expression .)
    MINUS           reduce using rule 13 (expression -> expression MINUS expression .)
    PLUS            reduce using rule 13 (expression -> expression MINUS expression .)
    AND             reduce using rule 13 (expression -> expression MINUS expression .)
    OR              reduce using rule 13 (expression -> expression MINUS expression .)
    GREATER         reduce using rule 13 (expression -> expression MINUS expression .)
    LESS            reduce using rule 13 (expression -> expression MINUS expression .)
    SEMICOLON       reduce using rule 13 (expression -> expression MINUS expression .)
    DIVIDE          shift and go to state 35
    TIMES           shift and go to state 37

  ! DIVIDE          [ reduce using rule 13 (expression -> expression MINUS expression .) ]
  ! TIMES           [ reduce using rule 13 (expression -> expression MINUS expression .) ]
  ! MINUS           [ shift and go to state 34 ]
  ! PLUS            [ shift and go to state 36 ]
  ! AND             [ shift and go to state 38 ]
  ! OR              [ shift and go to state 39 ]
  ! GREATER         [ shift and go to state 40 ]
  ! LESS            [ shift and go to state 41 ]


state 47

    (14) expression -> expression DIVIDE expression .
    (13) expression -> expression . MINUS expression
    (14) expression -> expression . DIVIDE expression
    (15) expression -> expression . PLUS expression
    (16) expression -> expression . TIMES expression
    (21) expression -> expression . AND expression
    (22) expression -> expression . OR expression
    (23) expression -> expression . GREATER expression
    (24) expression -> expression . LESS expression

    RPAREN          reduce using rule 14 (expression -> expression DIVIDE expression .)
    MINUS           reduce using rule 14 (expression -> expression DIVIDE expression .)
    DIVIDE          reduce using rule 14 (expression -> expression DIVIDE expression .)
    PLUS            reduce using rule 14 (expression -> expression DIVIDE expression .)
    TIMES           reduce using rule 14 (expression -> expression DIVIDE expression .)
    AND             reduce using rule 14 (expression -> expression DIVIDE expression .)
    OR              reduce using rule 14 (expression -> expression DIVIDE expression .)
    GREATER         reduce using rule 14 (expression -> expression DIVIDE expression .)
    LESS            reduce using rule 14 (expression -> expression DIVIDE expression .)
    SEMICOLON       reduce using rule 14 (expression -> expression DIVIDE expression .)

  ! MINUS           [ shift and go to state 34 ]
  ! DIVIDE          [ shift and go to state 35 ]
  ! PLUS            [ shift and go to state 36 ]
  ! TIMES           [ shift and go to state 37 ]
  ! AND             [ shift and go to state 38 ]
  ! OR              [ shift and go to state 39 ]
  ! GREATER         [ shift and go to state 40 ]
  ! LESS            [ shift and go to state 41 ]


state 48

    (15) expression -> expression PLUS expression .
    (13) expression -> expression . MINUS expression
    (14) expression -> expression . DIVIDE expression
    (15) expression -> expression . PLUS expression
    (16) expression -> expression . TIMES expression
    (21) expression -> expression . AND expression
    (22) expression -> expression . OR expression
    (23) expression -> expression . GREATER expression
    (24) expression -> expression . LESS expression

    RPAREN          reduce using rule 15 (expression -> expression PLUS expression .)
    MINUS           reduce using rule 15 (expression -> expression PLUS expression .)
    PLUS            reduce using rule 15 (expression -> expression PLUS expression .)
    AND             reduce using rule 15 (expression -> expression PLUS expression .)
    OR              reduce using rule 15 (expression -> expression PLUS expression .)
    GREATER         reduce using rule 15 (expression -> expression PLUS expression .)
    LESS            reduce using rule 15 (expression -> expression PLUS expression .)
    SEMICOLON       reduce using rule 15 (expression -> expression PLUS expression .)
    DIVIDE          shift and go to state 35
    TIMES           shift and go to state 37

  ! DIVIDE          [ reduce using rule 15 (expression -> expression PLUS expression .) ]
  ! TIMES           [ reduce using rule 15 (expression -> expression PLUS expression .) ]
  ! MINUS           [ shift and go to state 34 ]
  ! PLUS            [ shift and go to state 36 ]
  ! AND             [ shift and go to state 38 ]
  ! OR              [ shift and go to state 39 ]
  ! GREATER         [ shift and go to state 40 ]
  ! LESS            [ shift and go to state 41 ]


state 49

    (16) expression -> expression TIMES expression .
    (13) expression -> expression . MINUS expression
    (14) expression -> expression . DIVIDE expression
    (15) expression -> expression . PLUS expression
    (16) expression -> expression . TIMES expression
    (21) expression -> expression . AND expression
    (22) expression -> expression . OR expression
    (23) expression -> expression . GREATER expression
    (24) expression -> expression . LESS expression

    RPAREN          reduce using rule 16 (expression -> expression TIMES expression .)
    MINUS           reduce using rule 16 (expression -> expression TIMES expression .)
    DIVIDE          reduce using rule 16 (expression -> expression TIMES expression .)
    PLUS            reduce using rule 16 (expression -> expression TIMES expression .)
    TIMES           reduce using rule 16 (expression -> expression TIMES expression .)
    AND             reduce using rule 16 (expression -> expression TIMES expression .)
    OR              reduce using rule 16 (expression -> expression TIMES expression .)
    GREATER         reduce using rule 16 (expression -> expression TIMES expression .)
    LESS            reduce using rule 16 (expression -> expression TIMES expression .)
    SEMICOLON       reduce using rule 16 (expression -> expression TIMES expression .)

  ! MINUS           [ shift and go to state 34 ]
  ! DIVIDE          [ shift and go to state 35 ]
  ! PLUS            [ shift and go to state 36 ]
  ! TIMES           [ shift and go to state 37 ]
  ! AND             [ shift and go to state 38 ]
  ! OR              [ shift and go to state 39 ]
  ! GREATER         [ shift and go to state 40 ]
  ! LESS            [ shift and go to state 41 ]


state 50

    (21) expression -> expression AND expression .
    (13) expression -> expression . MINUS expression
    (14) expression -> expression . DIVIDE expression
    (15) expression -> expression . PLUS expression
    (16) expression -> expression . TIMES expression
    (21) expression -> expression . AND expression
    (22) expression -> expression . OR expression
    (23) expression -> expression . GREATER expression
    (24) expression -> expression . LESS expression

    RPAREN          reduce using rule 21 (expression -> expression AND expression .)
    AND             reduce using rule 21 (expression -> expression AND expression .)
    OR              reduce using rule 21 (expression -> expression AND expression .)
    SEMICOLON       reduce using rule 21 (expression -> expression AND expression .)
    MINUS           shift and go to state 34
    DIVIDE          shift and go to state 35
    PLUS            shift and go to state 36
    TIMES           shift and go to state 37
    GREATER         shift and go to state 40
    LESS            shift and go to state 41

  ! MINUS           [ reduce using rule 21 (expression -> expression AND expression .) ]
  ! DIVIDE          [ reduce using rule 21 (expression -> expression AND expression .) ]
  ! PLUS            [ reduce using rule 21 (expression -> expression AND expression .) ]
  ! TIMES           [ reduce using rule 21 (expression -> expression AND expression .) ]
  ! GREATER         [ reduce using rule 21 (expression -> expression AND expression .) ]
  ! LESS            [ reduce using rule 21 (expression -> expression AND expression .) ]
  ! AND             [ shift and go to state 38 ]
  ! OR              [ shift and go to state 39 ]


state 51

    (22) expression -> expression OR expression .
    (13) expression -> expression . MINUS expression
    (14) expression -> expression . DIVIDE expression
    (15) expression -> expression . PLUS expression
    (16) expression -> expression . TIMES expression
    (21) expression -> expression . AND expression
    (22) expression -> expression . OR expression
    (23) expression -> expression . GREATER expression
    (24) expression -> expression . LESS expression

    RPAREN          reduce using rule 22 (expression -> expression OR expression .)
    AND             reduce using rule 22 (expression -> expression OR expression .)
    OR              reduce using rule 22 (expression -> expression OR expression .)
    SEMICOLON       reduce using rule 22 (expression -> expression OR expression .)
    MINUS           shift and go to state 34
    DIVIDE          shift and go to state 35
    PLUS            shift and go to state 36
    TIMES           shift and go to state 37
    GREATER         shift and go to state 40
    LESS            shift and go to state 41

  ! MINUS           [ reduce using rule 22 (expression -> expression OR expression .) ]
  ! DIVIDE          [ reduce using rule 22 (expression -> expression OR expression .) ]
  ! PLUS            [ reduce using rule 22 (expression -> expression OR expression .) ]
  ! TIMES           [ reduce using rule 22 (expression -> expression OR expression .) ]
  ! GREATER         [ reduce using rule 22 (expression -> expression OR expression .) ]
  ! LESS            [ reduce using rule 22 (expression -> expression OR expression .) ]
  ! AND             [ shift and go to state 38 ]
  ! OR              [ shift and go to state 39 ]


state 52

    (23) expression -> expression GREATER expression .
    (13) expression -> expression . MINUS expression
    (14) expression -> expression . DIVIDE expression
    (15) expression -> expression . PLUS expression
    (16) expression -> expression . TIMES expression
    (21) expression -> expression . AND expression
    (22) expression -> expression . OR expression
    (23) expression -> expression . GREATER expression
    (24) expression -> expression . LESS expression

    RPAREN          reduce using rule 23 (expression -> expression GREATER expression .)
    AND             reduce using rule 23 (expression -> expression GREATER expression .)
    OR              reduce using rule 23 (expression -> expression GREATER expression .)
    GREATER         reduce using rule 23 (expression -> expression GREATER expression .)
    LESS            reduce using rule 23 (expression -> expression GREATER expression .)
    SEMICOLON       reduce using rule 23 (expression -> expression GREATER expression .)
    MINUS           shift and go to state 34
    DIVIDE          shift and go to state 35
    PLUS            shift and go to state 36
    TIMES           shift and go to state 37

  ! MINUS           [ reduce using rule 23 (expression -> expression GREATER expression .) ]
  ! DIVIDE          [ reduce using rule 23 (expression -> expression GREATER expression .) ]
  ! PLUS            [ reduce using rule 23 (expression -> expression GREATER expression .) ]
  ! TIMES           [ reduce using rule 23 (expression -> expression GREATER expression .) ]
  ! AND             [ shift and go to state 38 ]
  ! OR              [ shift and go to state 39 ]
  ! GREATER         [ shift and go to state 40 ]
  ! LESS            [ shift and go to state 41 ]


state 53

    (24) expression -> expression LESS expression .
    (13) expression -> expression . MINUS expression
    (14) expression -> expression . DIVIDE expression
    (15) expression -> expression . PLUS expression
    (16) expression -> expression . TIMES expression
    (21) expression -> expression . AND expression
    (22) expression -> expression . OR expression
    (23) expression -> expression . GREATER expression
    (24) expression -> expression . LESS expression

    RPAREN          reduce using rule 24 (expression -> expression LESS expression .)
    AND             reduce using rule 24 (expression -> expression LESS expression .)
    OR              reduce using rule 24 (expression -> expression LESS expression .)
    GREATER         reduce using rule 24 (expression -> expression LESS expression .)
    LESS            reduce using rule 24 (expression -> expression LESS expression .)
    SEMICOLON       reduce using rule 24 (expression -> expression LESS expression .)
    MINUS           shift and go to state 34
    DIVIDE          shift and go to state 35
    PLUS            shift and go to state 36
    TIMES           shift and go to state 37

  ! MINUS           [ reduce using rule 24 (expression -> expression LESS expression .) ]
  ! DIVIDE          [ reduce using rule 24 (expression -> expression LESS expression .) ]
  ! PLUS            [ reduce using rule 24 (expression -> expression LESS expression .) ]
  ! TIMES           [ reduce using rule 24 (expression -> expression LESS expression .) ]
  ! AND             [ shift and go to state 38 ]
  ! OR              [ shift and go to state 39 ]
  ! GREATER         [ shift and go to state 40 ]
  ! LESS            [ shift and go to state 41 ]


state 54

    (11) statement -> NAME EQUALS SCAN LPAREN RPAREN .

    SEMICOLON       reduce using rule 11 (statement -> NAME EQUALS SCAN LPAREN RPAREN .)

WARNING: 
WARNING: Conflicts:
WARNING: 
WARNING: shift/reduce conflict for RPAREN in state 23 resolved as shift
